
The following files have been resolved:
   org.eclipse.jetty:jetty-servlet:jar:9.4.18.v20190429:compile
   com.github.jknack:handlebars-guava-cache:jar:4.0.6:compile
   org.checkerframework:checker-qual:jar:2.10.0:compile
   org.slf4j:slf4j-simple:jar:1.7.21:compile
   org.eclipse.jetty:jetty-client:jar:9.4.18.v20190429:compile
   org.jdbi:jdbi3-sqlobject:jar:3.17.0:compile
   org.antlr:antlr4-runtime:jar:4.7.2:compile
   org.eclipse.jetty:jetty-server:jar:9.4.18.v20190429:compile
   com.google.code.gson:gson:jar:2.8.6:compile
   org.eclipse.jetty:jetty-io:jar:9.4.18.v20190429:compile
   org.eclipse.jetty.websocket:websocket-common:jar:9.4.18.v20190429:compile
   org.eclipse.jetty:jetty-xml:jar:9.4.18.v20190429:compile
   com.sparkjava:spark-template-handlebars:jar:2.7.1:compile
   org.eclipse.jetty.websocket:websocket-servlet:jar:9.4.18.v20190429:compile
   org.postgresql:postgresql:jar:42.2.14:compile
   com.fasterxml.jackson.core:jackson-databind:jar:2.5.3:compile
   com.google.guava:guava:jar:14.0.1:compile
   org.eclipse.jetty.websocket:websocket-client:jar:9.4.18.v20190429:compile
   com.fasterxml.jackson.core:jackson-core:jar:2.5.3:compile
   org.eclipse.jetty:jetty-webapp:jar:9.4.18.v20190429:compile
   com.github.jknack:handlebars:jar:4.0.6:compile
   io.leangen.geantyref:geantyref:jar:1.3.7:compile
   javax.servlet:javax.servlet-api:jar:3.1.0:compile
   org.jdbi:jdbi3-core:jar:3.17.0:compile
   com.github.ben-manes.caffeine:caffeine:jar:2.8.0:compile
   com.sparkjava:spark-core:jar:2.9.1:compile
   org.eclipse.jetty:jetty-security:jar:9.4.18.v20190429:compile
   org.slf4j:slf4j-api:jar:1.7.25:compile
   org.eclipse.jetty:jetty-util:jar:9.4.18.v20190429:compile
   com.itextpdf:itextpdf:jar:5.5.10:compile
   org.eclipse.jetty.websocket:websocket-server:jar:9.4.18.v20190429:compile
   org.mozilla:rhino:jar:1.7R4:compile
   com.fasterxml.jackson.core:jackson-annotations:jar:2.5.0:compile
   org.eclipse.jetty.websocket:websocket-api:jar:9.4.18.v20190429:compile
   org.eclipse.jetty:jetty-http:jar:9.4.18.v20190429:compile
   org.apache.commons:commons-lang3:jar:3.1:compile

